2023-04-03 00:11:28.257022 - Initialized conversion of CBT423
2023-04-03 00:11:28.864379 - Received SBGOLOB.CBT505.FILE423 from FILE423.XMI 
2023-04-03 00:11:28.866720 - Found $$$$$NEW.txt (text/plain) in SBGOLOB.CBT505.FILE423, moved to FILE423/$$$$$NEW
2023-04-03 00:11:28.867688 - Found $$$$DOC.txt (text/plain) in SBGOLOB.CBT505.FILE423, moved to FILE423/$$$$DOC
2023-04-03 00:11:28.868636 - Found $$$#DATE.txt (text/plain) in SBGOLOB.CBT505.FILE423, moved to FILE423/$$$#DATE
2023-04-03 00:11:28.869600 - Found $$$COJRB.txt (text/plain) in SBGOLOB.CBT505.FILE423, moved to FILE423/$$$COJRB
2023-04-03 00:11:28.870599 - Found $$$PERMT.txt (text/plain) in SBGOLOB.CBT505.FILE423, moved to FILE423/$$$PERMT
2023-04-03 00:11:28.871611 - Found $$NOTE01.txt (text/plain) in SBGOLOB.CBT505.FILE423, moved to FILE423/$$NOTE01
2023-04-03 00:11:28.872716 - Found $$NOTE02.txt (text/plain) in SBGOLOB.CBT505.FILE423, moved to FILE423/$$NOTE02
2023-04-03 00:11:28.873754 - Found $$NOTE03.txt (text/plain) in SBGOLOB.CBT505.FILE423, moved to FILE423/$$NOTE03
2023-04-03 00:11:28.874814 - Found $$NOTE04.txt (text/plain) in SBGOLOB.CBT505.FILE423, moved to FILE423/$$NOTE04
2023-04-03 00:11:28.875911 - Found $MACLIB.txt (text/plain) in SBGOLOB.CBT505.FILE423, moved to FILE423/$MACLIB
2023-04-03 00:11:28.876930 - Found #CHECKDD.txt (text/plain) in SBGOLOB.CBT505.FILE423, moved to FILE423/#CHECKDD
2023-04-03 00:11:28.878040 - Found #CKDAY.txt (text/plain) in SBGOLOB.CBT505.FILE423, moved to FILE423/#CKDAY
2023-04-03 00:11:28.879140 - Found #CKM.txt (text/plain) in SBGOLOB.CBT505.FILE423, moved to FILE423/#CKM
2023-04-03 00:11:28.880145 - Found #CKMOUNT.txt (text/plain) in SBGOLOB.CBT505.FILE423, moved to FILE423/#CKMOUNT
2023-04-03 00:11:28.881167 - Found #CKO.txt (text/plain) in SBGOLOB.CBT505.FILE423, moved to FILE423/#CKO
2023-04-03 00:11:28.882103 - Found #CLRDAY.txt (text/plain) in SBGOLOB.CBT505.FILE423, moved to FILE423/#CLRDAY
2023-04-03 00:11:28.883032 - Found #LAA.txt (text/plain) in SBGOLOB.CBT505.FILE423, moved to FILE423/#LAA
2023-04-03 00:11:28.883992 - Found #QUOTE.txt (text/plain) in SBGOLOB.CBT505.FILE423, moved to FILE423/#QUOTE
2023-04-03 00:11:28.885110 - Found #TELL.txt (text/plain) in SBGOLOB.CBT505.FILE423, moved to FILE423/#TELL
2023-04-03 00:11:28.886100 - Found @FILE423.txt (text/plain) in SBGOLOB.CBT505.FILE423, moved to FILE423/@FILE423
2023-04-03 00:11:28.887056 - Found BRODCAST.txt (text/plain) in SBGOLOB.CBT505.FILE423, moved to FILE423/BRODCAST
2023-04-03 00:11:28.887940 - Found CHECKDD.txt (text/plain) in SBGOLOB.CBT505.FILE423, moved to FILE423/CHECKDD
2023-04-03 00:11:28.888850 - Found CHKLSTAR.txt (text/plain) in SBGOLOB.CBT505.FILE423, moved to FILE423/CHKLSTAR
2023-04-03 00:11:28.889839 - Found CKC.txt (text/plain) in SBGOLOB.CBT505.FILE423, moved to FILE423/CKC
2023-04-03 00:11:28.890779 - Found CKC$.jcl (text/plain) in SBGOLOB.CBT505.FILE423, moved to FILE423/CKC$
2023-04-03 00:11:28.891794 - Found CKDAY.txt (text/plain) in SBGOLOB.CBT505.FILE423, moved to FILE423/CKDAY
2023-04-03 00:11:28.892733 - Found CKM.txt (text/plain) in SBGOLOB.CBT505.FILE423, moved to FILE423/CKM
2023-04-03 00:11:28.893741 - Found CKMOUNT.txt (text/plain) in SBGOLOB.CBT505.FILE423, moved to FILE423/CKMOUNT
2023-04-03 00:11:28.894679 - Found CKO.txt (text/plain) in SBGOLOB.CBT505.FILE423, moved to FILE423/CKO
2023-04-03 00:11:28.895593 - Found DIGCLK.txt (text/plain) in SBGOLOB.CBT505.FILE423, moved to FILE423/DIGCLK
2023-04-03 00:11:28.896516 - Found DIGCLK$.jcl (text/plain) in SBGOLOB.CBT505.FILE423, moved to FILE423/DIGCLK$
2023-04-03 00:11:28.897419 - Found DIGCLK#.txt (text/plain) in SBGOLOB.CBT505.FILE423, moved to FILE423/DIGCLK#
2023-04-03 00:11:28.898315 - Found DUMPV.txt (text/plain) in SBGOLOB.CBT505.FILE423, moved to FILE423/DUMPV
2023-04-03 00:11:28.899251 - Found DUMPV$.jcl (text/plain) in SBGOLOB.CBT505.FILE423, moved to FILE423/DUMPV$
2023-04-03 00:11:28.900170 - Found FINDEM.txt (text/plain) in SBGOLOB.CBT505.FILE423, moved to FILE423/FINDEM
2023-04-03 00:11:28.901066 - Found FINDEM$.jcl (text/plain) in SBGOLOB.CBT505.FILE423, moved to FILE423/FINDEM$
2023-04-03 00:11:28.901965 - Found FIXSMPL$.jcl (text/plain) in SBGOLOB.CBT505.FILE423, moved to FILE423/FIXSMPL$
2023-04-03 00:11:28.902860 - Found FIXSMPLG.txt (text/plain) in SBGOLOB.CBT505.FILE423, moved to FILE423/FIXSMPLG
2023-04-03 00:11:28.903798 - Found HEXPGM.txt (text/plain) in SBGOLOB.CBT505.FILE423, moved to FILE423/HEXPGM
2023-04-03 00:11:28.904753 - Found HEXPGM$.jcl (text/plain) in SBGOLOB.CBT505.FILE423, moved to FILE423/HEXPGM$
2023-04-03 00:11:28.905700 - Found K.txt (text/plain) in SBGOLOB.CBT505.FILE423, moved to FILE423/K
2023-04-03 00:11:28.906597 - Found LAA.txt (text/plain) in SBGOLOB.CBT505.FILE423, moved to FILE423/LAA
2023-04-03 00:11:28.907554 - Found LAA$.jcl (text/plain) in SBGOLOB.CBT505.FILE423, moved to FILE423/LAA$
2023-04-03 00:11:28.908467 - Found LAAO.txt (text/plain) in SBGOLOB.CBT505.FILE423, moved to FILE423/LAAO
2023-04-03 00:11:28.909389 - Found LAAOLD.txt (text/plain) in SBGOLOB.CBT505.FILE423, moved to FILE423/LAAOLD
2023-04-03 00:11:28.910322 - Found LAAT.txt (text/plain) in SBGOLOB.CBT505.FILE423, moved to FILE423/LAAT
2023-04-03 00:11:28.911267 - Found LISTATT$.jcl (text/plain) in SBGOLOB.CBT505.FILE423, moved to FILE423/LISTATT$
2023-04-03 00:11:28.912231 - Found LISTATTR.txt (text/plain) in SBGOLOB.CBT505.FILE423, moved to FILE423/LISTATTR
2023-04-03 00:11:28.913149 - Found LISTHEA$.jcl (text/plain) in SBGOLOB.CBT505.FILE423, moved to FILE423/LISTHEA$
2023-04-03 00:11:28.914037 - Found LISTHEA#.txt (text/plain) in SBGOLOB.CBT505.FILE423, moved to FILE423/LISTHEA#
2023-04-03 00:11:28.915234 - Found LISTHEAD.txt (text/plain) in SBGOLOB.CBT505.FILE423, moved to FILE423/LISTHEAD
2023-04-03 00:11:28.916543 - Found LISTHE01.txt (text/plain) in SBGOLOB.CBT505.FILE423, moved to FILE423/LISTHE01
2023-04-03 00:11:28.917529 - Found LISTMOD.txt (text/plain) in SBGOLOB.CBT505.FILE423, moved to FILE423/LISTMOD
2023-04-03 00:11:28.918422 - Found LISTMOD$.jcl (text/plain) in SBGOLOB.CBT505.FILE423, moved to FILE423/LISTMOD$
2023-04-03 00:11:28.919428 - Found LISTMOD#.jcl (text/plain) in SBGOLOB.CBT505.FILE423, moved to FILE423/LISTMOD#
2023-04-03 00:11:28.920595 - Found LISTMODD.txt (text/plain) in SBGOLOB.CBT505.FILE423, moved to FILE423/LISTMODD
2023-04-03 00:11:28.921621 - Found MAPSP.txt (text/plain) in SBGOLOB.CBT505.FILE423, moved to FILE423/MAPSP
2023-04-03 00:11:28.922902 - Found MAPXA.txt (text/plain) in SBGOLOB.CBT505.FILE423, moved to FILE423/MAPXA
2023-04-03 00:11:28.923913 - Found MAPXA$.jcl (text/plain) in SBGOLOB.CBT505.FILE423, moved to FILE423/MAPXA$
2023-04-03 00:11:28.924875 - Found MAPXA01.txt (text/plain) in SBGOLOB.CBT505.FILE423, moved to FILE423/MAPXA01
2023-04-03 00:11:28.925867 - Found MERKNOW.txt (text/plain) in SBGOLOB.CBT505.FILE423, moved to FILE423/MERKNOW
2023-04-03 00:11:28.926808 - Found NOW.txt (text/plain) in SBGOLOB.CBT505.FILE423, moved to FILE423/NOW
2023-04-03 00:11:28.927750 - Found OFF.txt (text/plain) in SBGOLOB.CBT505.FILE423, moved to FILE423/OFF
2023-04-03 00:11:28.928784 - Found ON.txt (text/plain) in SBGOLOB.CBT505.FILE423, moved to FILE423/ON
2023-04-03 00:11:28.929917 - Found QUOTE.txt (text/plain) in SBGOLOB.CBT505.FILE423, moved to FILE423/QUOTE
2023-04-03 00:11:28.930923 - Found REGS.txt (text/plain) in SBGOLOB.CBT505.FILE423, moved to FILE423/REGS
2023-04-03 00:11:28.931986 - Found SMAP.txt (text/plain) in SBGOLOB.CBT505.FILE423, moved to FILE423/SMAP
2023-04-03 00:11:28.933116 - Found TELL.txt (text/plain) in SBGOLOB.CBT505.FILE423, moved to FILE423/TELL
2023-04-03 00:11:28.934125 - Found TELL$.jcl (text/plain) in SBGOLOB.CBT505.FILE423, moved to FILE423/TELL$
2023-04-03 00:11:28.935195 - Found TERMSIZ$.jcl (text/plain) in SBGOLOB.CBT505.FILE423, moved to FILE423/TERMSIZ$
2023-04-03 00:11:28.936193 - Found TERMSIZE.txt (text/plain) in SBGOLOB.CBT505.FILE423, moved to FILE423/TERMSIZE
2023-04-03 00:11:28.937079 - Found TERMSZ.txt (text/plain) in SBGOLOB.CBT505.FILE423, moved to FILE423/TERMSZ
2023-04-03 00:11:28.937964 - Found TERMSZ$.jcl (text/plain) in SBGOLOB.CBT505.FILE423, moved to FILE423/TERMSZ$
2023-04-03 00:11:28.938852 - Found TERMTYP.txt (text/plain) in SBGOLOB.CBT505.FILE423, moved to FILE423/TERMTYP
2023-04-03 00:11:28.939812 - Found TERMTYP$.jcl (text/plain) in SBGOLOB.CBT505.FILE423, moved to FILE423/TERMTYP$
2023-04-03 00:11:28.940712 - Found TERMTYPE.txt (text/plain) in SBGOLOB.CBT505.FILE423, moved to FILE423/TERMTYPE
2023-04-03 00:11:28.941610 - Found TF.txt (text/plain) in SBGOLOB.CBT505.FILE423, moved to FILE423/TF
2023-04-03 00:11:28.942520 - Found VPUT.txt (text/plain) in SBGOLOB.CBT505.FILE423, moved to FILE423/VPUT
2023-04-03 00:11:28.943430 - Found VTPUT.txt (text/plain) in SBGOLOB.CBT505.FILE423, moved to FILE423/VTPUT
2023-04-03 00:11:28.944329 - Found VWTPU.txt (text/plain) in SBGOLOB.CBT505.FILE423, moved to FILE423/VWTPU
